= Host-specific information ====================================================
$> hostname; uname -msr
e1z2r3p17.42.us.org
Darwin 15.6.0 x86_64
$> date
Tue Jan 23 00:20:25 PST 2018
$> gcc --version
Configured with: --prefix=/Applications/Xcode.app/Contents/Developer/usr --with-gxx-include-dir=/Applications/Xcode.app/Contents/Developer/Platforms/MacOSX.platform/Developer/SDKs/MacOSX10.12.sdk/usr/include/c++/4.2.1
Apple LLVM version 8.0.0 (clang-800.0.38)
Target: x86_64-apple-darwin15.6.0
Thread model: posix
InstalledDir: /Applications/Xcode.app/Contents/Developer/Toolchains/XcodeDefault.xctoolchain/usr/bin
$> clang --version
Apple LLVM version 8.0.0 (clang-800.0.38)
Target: x86_64-apple-darwin15.6.0
Thread model: posix
InstalledDir: /Applications/Xcode.app/Contents/Developer/Toolchains/XcodeDefault.xctoolchain/usr/bin

= User files collection ========================================================
Collecting user files from Vogsphere
Repository URL: auto-exam/2018/c-exam-alone-in-the-dark-beginner/practice-exam_20180123/gmalpart2

= Git history ==================================================================
$> git -C /var/folders/97/qpsq8lcx3kxdx6wbrznc5n600000gp/T/tmpOp6Vvd/user log --pretty='%H - %an, %ad : %s'
dc9a6f5a6420b08905a0571638733363fb1110eb - regien, Tue Jan 23 00:20:19 2018 -0800 : pendejada
fef6a86559fe83075ba73367e5cd41455db6a089 - regien, Mon Jan 22 22:39:36 2018 -0800 : huevos peludos
3b162992de51cd05e105796d41a29adfa67bce61 - regien, Mon Jan 22 22:37:08 2018 -0800 : huevos peludos
09b6f97a5162c40de9eaf2e71f439e4ebbe79716 - regien, Mon Jan 22 21:13:06 2018 -0800 : pendejada
163ff401a7575304a9a81fa31b6b5e3f6c1246dc - regien, Mon Jan 22 21:11:33 2018 -0800 : pendejada
 
= Collected files ==========================================
$> ls -lAR /var/folders/97/qpsq8lcx3kxdx6wbrznc5n600000gp/T/tmpOp6Vvd/user
total 8
-rw-r--r--  1 deepthought  deepthought  1502 Jan 23 00:20 __GIT_HISTORY
drwxr-xr-x  3 deepthought  deepthought   102 Jan 23 00:20 hidenp
drwxr-xr-x  5 deepthought  deepthought   170 Jan 23 00:20 inter
drwxr-xr-x  3 deepthought  deepthought   102 Jan 23 00:20 only_a
drwxr-xr-x  3 deepthought  deepthought   102 Jan 23 00:20 rostring
drwxr-xr-x  3 deepthought  deepthought   102 Jan 23 00:20 ulstr

/var/folders/97/qpsq8lcx3kxdx6wbrznc5n600000gp/T/tmpOp6Vvd/user/hidenp:
total 8
-rw-r--r--  1 deepthought  deepthought  584 Jan 23 00:20 hidenp.c

/var/folders/97/qpsq8lcx3kxdx6wbrznc5n600000gp/T/tmpOp6Vvd/user/inter:
total 32
-rw-r--r--  1 deepthought  deepthought   738 Jan 23 00:20 inter.c
-rwxr-xr-x  1 deepthought  deepthought  9288 Jan 23 00:20 test
drwxr-xr-x  3 deepthought  deepthought   102 Jan 23 00:20 test.dSYM

/var/folders/97/qpsq8lcx3kxdx6wbrznc5n600000gp/T/tmpOp6Vvd/user/inter/test.dSYM:
total 0
drwxr-xr-x  4 deepthought  deepthought  136 Jan 23 00:20 Contents

/var/folders/97/qpsq8lcx3kxdx6wbrznc5n600000gp/T/tmpOp6Vvd/user/inter/test.dSYM/Contents:
total 8
-rw-r--r--  1 deepthought  deepthought  633 Jan 23 00:20 Info.plist
drwxr-xr-x  3 deepthought  deepthought  102 Jan 23 00:20 Resources

/var/folders/97/qpsq8lcx3kxdx6wbrznc5n600000gp/T/tmpOp6Vvd/user/inter/test.dSYM/Contents/Resources:
total 0
drwxr-xr-x  3 deepthought  deepthought  102 Jan 23 00:20 DWARF

/var/folders/97/qpsq8lcx3kxdx6wbrznc5n600000gp/T/tmpOp6Vvd/user/inter/test.dSYM/Contents/Resources/DWARF:
total 24
-rw-r--r--  1 deepthought  deepthought  9915 Jan 23 00:20 test

/var/folders/97/qpsq8lcx3kxdx6wbrznc5n600000gp/T/tmpOp6Vvd/user/only_a:
total 8
-rw-r--r--  1 deepthought  deepthought  1094 Jan 23 00:20 only_a.c

/var/folders/97/qpsq8lcx3kxdx6wbrznc5n600000gp/T/tmpOp6Vvd/user/rostring:
total 8
-rw-r--r--  1 deepthought  deepthought  1532 Jan 23 00:20 rostring.c

/var/folders/97/qpsq8lcx3kxdx6wbrznc5n600000gp/T/tmpOp6Vvd/user/ulstr:
total 8
-rw-r--r--  1 deepthought  deepthought  553 Jan 23 00:20 ulstr.c
 
= rostring =====================================================================
$> gcc -Wextra -Wall -Werror rostring.c -o user_exe 

= Test 1 ===================================================
$> ./20alsyua5i43c0zgtvw9rfzt 
$> diff -U 3 user_output_test1 test1.output | cat -e

Diff OK :D
= Test 2 ===================================================
$> ./zdk4vjmzprrljzogh9q06gxb 
$> diff -U 3 user_output_test2 test2.output | cat -e

Diff OK :D
= Test 3 ===================================================
$> ./7c044g0h6mf4q89oj359ftwl "salut" "a" "tous" "tout" "le" "monde"
$> diff -U 3 user_output_test3 test3.output | cat -e
--- user_output_test3	2018-01-23 00:20:26.000000000 -0800$
+++ test3.output	2018-01-23 00:20:26.000000000 -0800$
@@ -1 +1 @@$
-$
+salut$

Diff KO :(
Grade: 0

= Final grade: 0 ===============================================================
